保存日线数据，代码： 000001, 插入：   1条, 更新：   0条
保存日线数据，代码： 000300, 插入：   1条, 更新：   0条
保存日线数据，代码： 399001, 插入：   1条, 更新：   0条
保存日线数据，代码： 399005, 插入：   1条, 更新：   0条
保存日线数据，代码： 399006, 插入：   1条, 更新：   0条
保存日线数据，代码： 601778, 插入：   1条, 更新：   0条
保存日线数据，代码： 601778, 插入：   1条, 更新：   0条
保存日线数据，代码： 688268, 插入：   1条, 更新：   0条
保存日线数据，代码： 688268, 插入：   1条, 更新：   0条
保存日线数据，代码： 688566, 插入：   1条, 更新：   0条
保存日线数据，代码： 688566, 插入：   1条, 更新：   0条
保存日线数据，代码： 688012, 插入： 200条, 更新：   0条
保存日线数据，代码： 688012, 插入： 200条, 更新：   0条
保存日线数据，代码： 688222, 插入：  21条, 更新：   0条
保存日线数据，代码： 688222, 插入：  21条, 更新：   0条
保存日线数据，代码： 688138, 插入： 119条, 更新：   0条
保存日线数据，代码： 688138, 插入： 119条, 更新：   0条
保存日线数据，代码： 688088, 插入： 200条, 更新：   0条
保存日线数据，代码： 688088, 插入： 200条, 更新：   0条
保存日线数据，代码： 688037, 插入： 101条, 更新：   0条
保存日线数据，代码： 688037, 插入： 101条, 更新：   0条
保存日线数据，代码： 688126, 插入：  19条, 更新：   0条
保存日线数据，代码： 688126, 插入：  19条, 更新：   0条
保存日线数据，代码： 600734, 插入： 870条, 更新：   0条
保存日线数据，代码： 600734, 插入： 870条, 更新：   0条
保存日线数据，代码： 002084, 插入：1286条, 更新：   0条
保存日线数据，代码： 002084, 插入：1286条, 更新：   0条
保存日线数据，代码： 000584, 插入：   1条, 更新：   0条
保存日线数据，代码： 000584, 插入：   1条, 更新：   0条
保存日线数据，代码： 600599, 插入：1223条, 更新：   0条
保存日线数据，代码： 600599, 插入：1223条, 更新：   0条
保存日线数据，代码： 300330, 插入：1257条, 更新：   0条
保存日线数据，代码： 300330, 插入：1257条, 更新：   0条
保存日线数据，代码： 603021, 插入：1155条, 更新：   0条
保存日线数据，代码： 603021, 插入：1155条, 更新：   0条
保存日线数据，代码： 600520, 插入：1236条, 更新：   0条
保存日线数据，代码： 600520, 插入：1236条, 更新：   0条
保存日线数据，代码： 002498, 插入：1274条, 更新：   0条
保存日线数据，代码： 002498, 插入：1274条, 更新：   0条
保存日线数据，代码： 300831, 插入：   1条, 更新：   0条
保存日线数据，代码： 300831, 插入：   1条, 更新：   0条
保存日线数据，代码： 603682, 插入：  18条, 更新：   0条
保存日线数据，代码： 603682, 插入：  18条, 更新：   0条
保存日线数据，代码： 603221, 插入：  38条, 更新：   0条
保存日线数据，代码： 603221, 插入：  38条, 更新：   0条
保存日线数据，代码： 002988, 插入：   1条, 更新：   0条
保存日线数据，代码： 002988, 插入：   1条, 更新：   0条
保存日线数据，代码： 300293, 插入：1217条, 更新：   0条
保存日线数据，代码： 300293, 插入：1217条, 更新：   0条
保存日线数据，代码： 000609, 插入：1243条, 更新：   0条
保存日线数据，代码： 000609, 插入：1243条, 更新：   0条
保存日线数据，代码： 300328, 插入：1271条, 更新：   0条
保存日线数据，代码： 300328, 插入：1271条, 更新：   0条
保存日线数据，代码： 600880, 插入：1138条, 更新：   0条
保存日线数据，代码： 600880, 插入：1138条, 更新：   0条
保存日线数据，代码： 300443, 插入：1231条, 更新：   0条
保存日线数据，代码： 300443, 插入：1231条, 更新：   0条
保存日线数据，代码： 000615, 插入：1169条, 更新：   0条
保存日线数据，代码： 000615, 插入：1169条, 更新：   0条
保存日线数据，代码： 002272, 插入：   1条, 更新：   0条
保存日线数据，代码： 002272, 插入：   1条, 更新：   0条
保存日线数据，代码： 600703, 插入：1291条, 更新：   0条
保存日线数据，代码： 600703, 插入：1291条, 更新：   0条
保存日线数据，代码： 600506, 插入：   1条, 更新：   0条
保存日线数据，代码： 600506, 插入：   1条, 更新：   0条
保存日线数据，代码： 002046, 插入：1229条, 更新：   0条
保存日线数据，代码： 002046, 插入：1229条, 更新：   0条
保存日线数据，代码： 300755, 插入： 314条, 更新：   0条
保存日线数据，代码： 300755, 插入： 314条, 更新：   0条
保存日线数据，代码： 300740, 插入： 449条, 更新：   0条
保存日线数据，代码： 300740, 插入： 449条, 更新：   0条
保存日线数据，代码： 300460, 插入：1211条, 更新：   0条
保存日线数据，代码： 300460, 插入：1211条, 更新：   0条
保存日线数据，代码： 603696, 插入：   1条, 更新：   0条
保存日线数据，代码： 603696, 插入：   1条, 更新：   0条
保存日线数据，代码： 603929, 插入：   1条, 更新：   0条
保存日线数据，代码： 603929, 插入：   1条, 更新：   0条
保存日线数据，代码： 600641, 插入：1123条, 更新：   0条
保存日线数据，代码： 600641, 插入：1123条, 更新：   0条
保存日线数据，代码： 002655, 插入：1095条, 更新：   0条
保存日线数据，代码： 002655, 插入：1095条, 更新：   0条
保存日线数据，代码： 002980, 插入：  22条, 更新：   0条
保存日线数据，代码： 002980, 插入：  22条, 更新：   0条
保存日线数据，代码： 002915, 插入： 590条, 更新：   0条
保存日线数据，代码： 002915, 插入： 590条, 更新：   0条
保存日线数据，代码： 300655, 插入： 721条, 更新：   0条
保存日线数据，代码： 300655, 插入： 721条, 更新：   0条
保存日线数据，代码： 300830, 插入：   1条, 更新：   0条
保存日线数据，代码： 300830, 插入：   1条, 更新：   0条
保存日线数据，代码： 300505, 插入：1013条, 更新：   0条
保存日线数据，代码： 300505, 插入：1013条, 更新：   0条
保存日线数据，代码： 603630, 插入： 776条, 更新：   0条
保存日线数据，代码： 603630, 插入： 776条, 更新：   0条
保存日线数据，代码： 300644, 插入：   1条, 更新：   0条
保存日线数据，代码： 300644, 插入：   1条, 更新：   0条
保存日线数据，代码： 002985, 插入：   1条, 更新：   0条
保存日线数据，代码： 002985, 插入：   1条, 更新：   0条
保存日线数据，代码： 300832, 插入：   1条, 更新：   0条
保存日线数据，代码： 300832, 插入：   1条, 更新：   0条
保存日线数据，代码： 300624, 插入： 554条, 更新：   0条
保存日线数据，代码： 300624, 插入： 554条, 更新：   0条
保存日线数据，代码： 300223, 插入：1086条, 更新：   0条
保存日线数据，代码： 300223, 插入：1086条, 更新：   0条
保存日线数据，代码： 002371, 插入：1237条, 更新：   0条
保存日线数据，代码： 002371, 插入：1237条, 更新：   0条
保存日线数据，代码： 603486, 插入： 481条, 更新：   0条
保存日线数据，代码： 603486, 插入： 481条, 更新：   0条
保存日线数据，代码： 603392, 插入：   1条, 更新：   0条
保存日线数据，代码： 603392, 插入：   1条, 更新：   0条
保存日线数据，代码： 601609, 插入：   1条, 更新：   0条
保存日线数据，代码： 601609, 插入：   1条, 更新：   0条
保存日线数据，代码： 300829, 插入：  17条, 更新：   0条
保存日线数据，代码： 300829, 插入：  17条, 更新：   0条
保存日线数据，代码： 300792, 插入： 152条, 更新：   0条
保存日线数据，代码： 300792, 插入： 152条, 更新：   0条
保存日线数据，代码： 002871, 插入： 736条, 更新：   0条
保存日线数据，代码： 002871, 插入： 736条, 更新：   0条
保存日线数据，代码： 002049, 插入：1098条, 更新：   0条
保存日线数据，代码： 002049, 插入：1098条, 更新：   0条
保存日线数据，代码： 000788, 插入：1268条, 更新：   0条
保存日线数据，代码： 000788, 插入：1268条, 更新：   0条
保存日线数据，代码： 000403, 插入：   1条, 更新：   0条
保存日线数据，代码： 000403, 插入：   1条, 更新：   0条
保存日线数据，代码： 002409, 插入：1010条, 更新：   0条
保存日线数据，代码： 002409, 插入：1010条, 更新：   0条
保存日线数据，代码： 002729, 插入：1211条, 更新：   0条
保存日线数据，代码： 002729, 插入：1211条, 更新：   0条
保存日线数据，代码： 002978, 插入：  20条, 更新：   0条
保存日线数据，代码： 002978, 插入：  20条, 更新：   0条
保存日线数据，代码： 300576, 插入：   1条, 更新：   0条
保存日线数据，代码： 300576, 插入：   1条, 更新：   0条
保存日线数据，代码： 002853, 插入： 773条, 更新：   0条
保存日线数据，代码： 002853, 插入： 773条, 更新：   0条
保存日线数据，代码： 002725, 插入：1179条, 更新：   0条
保存日线数据，代码： 002725, 插入：1179条, 更新：   0条
保存日线数据，代码： 603348, 插入： 500条, 更新：   0条
保存日线数据，代码： 603348, 插入： 500条, 更新：   0条
保存日线数据，代码： 603900, 插入： 847条, 更新：   0条
保存日线数据，代码： 603900, 插入： 847条, 更新：   0条
保存日线数据，代码： 300398, 插入：1213条, 更新：   0条
保存日线数据，代码： 300398, 插入：1213条, 更新：   0条
保存日线数据，代码： 300260, 插入：   1条, 更新：   0条
保存日线数据，代码： 300260, 插入：   1条, 更新：   0条
保存日线数据，代码： 300002, 插入：1297条, 更新：   0条
保存日线数据，代码： 300002, 插入：1297条, 更新：   0条
保存日线数据，代码： 603042, 插入： 722条, 更新：   0条
保存日线数据，代码： 603042, 插入： 722条, 更新：   0条
保存日线数据，代码： 600329, 插入：1304条, 更新：   0条
保存日线数据，代码： 600329, 插入：1304条, 更新：   0条
保存日线数据，代码： 000716, 插入：1068条, 更新：   0条
保存日线数据，代码： 000716, 插入：1068条, 更新：   0条
保存日线数据，代码： 002612, 插入：1155条, 更新：   0条
保存日线数据，代码： 002612, 插入：1155条, 更新：   0条
保存日线数据，代码： 000557, 插入：   1条, 更新：   0条
保存日线数据，代码： 000557, 插入：   1条, 更新：   0条
保存日线数据，代码： 002449, 插入：1304条, 更新：   0条
保存日线数据，代码： 002449, 插入：1304条, 更新：   0条
保存日线数据，代码： 000151, 插入：1306条, 更新：   0条
保存日线数据，代码： 000151, 插入：1306条, 更新：   0条
保存日线数据，代码： 002397, 插入：   1条, 更新：   0条
保存日线数据，代码： 002397, 插入：   1条, 更新：   0条
保存日线数据，代码： 002713, 插入：1275条, 更新：   0条
保存日线数据，代码： 002713, 插入：1275条, 更新：   0条
保存日线数据，代码： 300716, 插入：   1条, 更新：   0条
保存日线数据，代码： 300716, 插入：   1条, 更新：   0条
保存日线数据，代码： 688023, 插入： 130条, 更新：   0条
保存日线数据，代码： 688023, 插入： 130条, 更新：   0条
保存日线数据，代码： 300351, 插入：1205条, 更新：   0条
保存日线数据，代码： 300351, 插入：1205条, 更新：   0条
保存日线数据，代码： 002297, 插入：   1条, 更新：   0条
保存日线数据，代码： 002297, 插入：   1条, 更新：   0条
保存日线数据，代码： 002662, 插入：1189条, 更新：   0条
保存日线数据，代码： 002662, 插入：1189条, 更新：   0条
保存日线数据，代码： 600834, 插入：   1条, 更新：   0条
保存日线数据，代码： 600834, 插入：   1条, 更新：   0条
保存日线数据，代码： 000616, 插入：1120条, 更新：   0条
保存日线数据，代码： 000616, 插入：1120条, 更新：   0条
保存日线数据，代码： 600662, 插入：   1条, 更新：   0条
保存日线数据，代码： 600662, 插入：   1条, 更新：   0条
保存日线数据，代码： 000564, 插入：   1条, 更新：   0条
保存日线数据，代码： 000564, 插入：   1条, 更新：   0条
保存日线数据，代码： 300298, 插入：1108条, 更新：   0条
保存日线数据，代码： 300298, 插入：1108条, 更新：   0条
保存日线数据，代码： 688363, 插入： 129条, 更新：   0条
保存日线数据，代码： 688363, 插入： 129条, 更新：   0条
保存日线数据，代码： 688029, 插入： 200条, 更新：   0条
保存日线数据，代码： 688029, 插入： 200条, 更新：   0条
保存日线数据，代码： 603056, 插入： 566条, 更新：   0条
保存日线数据，代码： 603056, 插入： 566条, 更新：   0条
保存日线数据，代码： 603090, 插入： 845条, 更新：   0条
保存日线数据，代码： 603090, 插入： 845条, 更新：   0条
保存日线数据，代码： 300623, 插入： 775条, 更新：   0条
保存日线数据，代码： 300623, 插入： 775条, 更新：   0条
保存日线数据，代码： 000710, 插入：1161条, 更新：   0条
保存日线数据，代码： 000710, 插入：1161条, 更新：   0条
保存日线数据，代码： 600584, 插入：1144条, 更新：   0条
保存日线数据，代码： 600584, 插入：1144条, 更新：   0条
保存日线数据，代码： 000546, 插入：1276条, 更新：   0条
保存日线数据，代码： 000546, 插入：1276条, 更新：   0条
保存日线数据，代码： 688200, 插入：  62条, 更新：   0条
保存日线数据，代码： 688200, 插入：  62条, 更新：   0条
保存日线数据，代码： 688019, 插入： 200条, 更新：   0条
保存日线数据，代码： 688019, 插入： 200条, 更新：   0条
保存日线数据，代码： 300161, 插入：1216条, 更新：   0条
保存日线数据，代码： 300161, 插入：1216条, 更新：   0条
保存日线数据，代码： 002074, 插入：1276条, 更新：   0条
保存日线数据，代码： 002074, 插入：1276条, 更新：   0条
保存日线数据，代码： 002880, 插入： 674条, 更新：   0条
保存日线数据，代码： 002880, 插入： 674条, 更新：   0条
保存日线数据，代码： 000636, 插入：1163条, 更新：   0条
保存日线数据，代码： 000636, 插入：1163条, 更新：   0条
保存日线数据，代码： 600546, 插入：1258条, 更新：   0条
保存日线数据，代码： 600546, 插入：1258条, 更新：   0条
保存日线数据，代码： 300662, 插入： 670条, 更新：   0条
保存日线数据，代码： 300662, 插入： 670条, 更新：   0条
保存日线数据，代码： 688111, 插入： 121条, 更新：   0条
保存日线数据，代码： 688111, 插入： 121条, 更新：   0条
保存日线数据，代码： 600966, 插入：1300条, 更新：   0条
保存日线数据，代码： 600966, 插入：1300条, 更新：   0条
保存日线数据，代码： 688100, 插入：  76条, 更新：   0条
保存日线数据，代码： 688100, 插入：  76条, 更新：   0条
保存日线数据，代码： 603258, 插入： 868条, 更新：   0条
保存日线数据，代码： 603258, 插入： 868条, 更新：   0条
保存日线数据，代码： 002976, 插入：  49条, 更新：   0条
保存日线数据，代码： 002976, 插入：  49条, 更新：   0条
保存日线数据，代码： 002273, 插入：1308条, 更新：   0条
保存日线数据，代码： 002273, 插入：1308条, 更新：   0条
保存日线数据，代码： 600537, 插入：1283条, 更新：   0条
保存日线数据，代码： 600537, 插入：1283条, 更新：   0条
保存日线数据，代码： 600751, 插入：1020条, 更新：   0条
保存日线数据，代码： 600751, 插入：1020条, 更新：   0条
保存日线数据，代码： 300791, 插入： 154条, 更新：   0条
保存日线数据，代码： 300791, 插入： 154条, 更新：   0条
保存日线数据，代码： 603179, 插入： 772条, 更新：   0条
保存日线数据，代码： 603179, 插入： 772条, 更新：   0条
保存日线数据，代码： 300346, 插入：1252条, 更新：   0条
保存日线数据，代码： 300346, 插入：1252条, 更新：   0条
保存日线数据，代码： 300118, 插入：1211条, 更新：   0条
保存日线数据，代码： 300118, 插入：1211条, 更新：   0条
保存日线数据，代码： 002741, 插入：1233条, 更新：   0条
保存日线数据，代码： 002741, 插入：1233条, 更新：   0条
保存日线数据，代码： 002436, 插入：1170条, 更新：   0条
保存日线数据，代码： 002436, 插入：1170条, 更新：   0条
保存日线数据，代码： 000733, 插入：1280条, 更新：   0条
保存日线数据，代码： 000733, 插入：1280条, 更新：   0条
保存日线数据，代码： 603626, 插入： 798条, 更新：   0条
保存日线数据，代码： 603626, 插入： 798条, 更新：   0条
保存日线数据，代码： 300031, 插入：1179条, 更新：   0条
保存日线数据，代码： 300031, 插入：1179条, 更新：   0条
保存日线数据，代码： 002331, 插入：1086条, 更新：   0条
保存日线数据，代码： 002331, 插入：1086条, 更新：   0条
保存日线数据，代码： 300418, 插入：1225条, 更新：   0条
保存日线数据，代码： 300418, 插入：1225条, 更新：   0条
保存日线数据，代码： 600136, 插入：1051条, 更新：   0条
保存日线数据，代码： 600136, 插入：1051条, 更新：   0条
保存日线数据，代码： 600426, 插入：1301条, 更新：   0条
保存日线数据，代码： 600426, 插入：1301条, 更新：   0条
保存日线数据，代码： 600360, 插入：1299条, 更新：   0条
保存日线数据，代码： 600360, 插入：1299条, 更新：   0条
保存日线数据，代码： 002983, 插入：  13条, 更新：   0条
保存日线数据，代码： 002983, 插入：  13条, 更新：   0条
保存日线数据，代码： 603012, 插入：1254条, 更新：   0条
保存日线数据，代码： 603012, 插入：1254条, 更新：   0条
保存日线数据，代码： 600161, 插入：1187条, 更新：   0条
保存日线数据，代码： 600161, 插入：1187条, 更新：   0条
保存日线数据，代码： 300706, 插入： 640条, 更新：   0条
保存日线数据，代码： 300706, 插入： 640条, 更新：   0条
保存日线数据，代码： 002759, 插入：   1条, 更新：   0条
保存日线数据，代码： 002759, 插入：   1条, 更新：   0条
保存日线数据，代码： 600004, 插入：1308条, 更新：   0条
保存日线数据，代码： 600004, 插入：1308条, 更新：   0条
保存日线数据，代码： 002702, 插入：   1条, 更新：   0条
保存日线数据，代码： 002702, 插入：   1条, 更新：   0条
保存日线数据，代码： 600309, 插入：1175条, 更新：   0条
保存日线数据，代码： 600309, 插入：1175条, 更新：   0条
保存日线数据，代码： 300577, 插入： 828条, 更新：   0条
保存日线数据，代码： 300577, 插入： 828条, 更新：   0条
保存日线数据，代码： 300729, 插入： 597条, 更新：   0条
保存日线数据，代码： 300729, 插入： 597条, 更新：   0条
保存日线数据，代码： 002345, 插入：1112条, 更新：   0条
保存日线数据，代码： 002345, 插入：1112条, 更新：   0条
保存日线数据，代码： 600459, 插入：   1条, 更新：   0条
保存日线数据，代码： 600459, 插入：   1条, 更新：   0条
保存日线数据，代码： 300496, 插入：1018条, 更新：   0条
保存日线数据，代码： 300496, 插入：1018条, 更新：   0条
保存日线数据，代码： 603596, 插入： 500条, 更新：   0条
保存日线数据，代码： 603596, 插入： 500条, 更新：   0条
保存日线数据，代码： 002343, 插入：1211条, 更新：   0条
保存日线数据，代码： 002343, 插入：1211条, 更新：   0条
保存日线数据，代码： 002813, 插入： 840条, 更新：   0条
保存日线数据，代码： 002813, 插入： 840条, 更新：   0条
保存日线数据，代码： 603236, 插入： 204条, 更新：   0条
保存日线数据，代码： 603236, 插入： 204条, 更新：   0条
保存日线数据，代码： 603005, 插入：1305条, 更新：   0条
保存日线数据，代码： 603005, 插入：1305条, 更新：   0条
保存日线数据，代码： 300724, 插入： 428条, 更新：   0条
保存日线数据，代码： 300724, 插入： 428条, 更新：   0条
保存日线数据，代码： 600830, 插入：1307条, 更新：   0条
保存日线数据，代码： 600830, 插入：1307条, 更新：   0条
保存日线数据，代码： 002353, 插入：1204条, 更新：   0条
保存日线数据，代码： 002353, 插入：1204条, 更新：   0条
保存日线数据，代码： 002975, 插入：  71条, 更新：   0条
保存日线数据，代码： 002975, 插入：  71条, 更新：   0条
保存日线数据，代码： 603095, 插入：  22条, 更新：   0条
保存日线数据，代码： 603095, 插入：  22条, 更新：   0条
保存日线数据，代码： 300144, 插入：1233条, 更新：   0条
保存日线数据，代码： 300144, 插入：1233条, 更新：   0条
保存日线数据，代码： 603313, 插入： 877条, 更新：   0条
保存日线数据，代码： 603313, 插入： 877条, 更新：   0条
保存日线数据，代码： 600825, 插入：1243条, 更新：   0条
保存日线数据，代码： 600825, 插入：1243条, 更新：   0条
保存日线数据，代码： 688139, 插入： 137条, 更新：   0条
保存日线数据，代码： 688139, 插入： 137条, 更新：   0条
保存日线数据，代码： 300484, 插入：1013条, 更新：   0条
保存日线数据，代码： 300484, 插入：1013条, 更新：   0条
保存日线数据，代码： 002283, 插入：1170条, 更新：   0条
保存日线数据，代码： 002283, 插入：1170条, 更新：   0条
保存日线数据，代码： 002539, 插入：1303条, 更新：   0条
保存日线数据，代码： 002539, 插入：1303条, 更新：   0条
保存日线数据，代码： 000915, 插入：1308条, 更新：   0条
保存日线数据，代码： 000915, 插入：1308条, 更新：   0条
保存日线数据，代码： 300019, 插入：1232条, 更新：   0条
保存日线数据，代码： 300019, 插入：1232条, 更新：   0条
保存日线数据，代码： 603583, 插入： 398条, 更新：   0条
保存日线数据，代码： 603583, 插入： 398条, 更新：   0条
保存日线数据，代码： 002007, 插入：1305条, 更新：   0条
保存日线数据，代码： 002007, 插入：1305条, 更新：   0条
保存日线数据，代码： 601828, 插入： 564条, 更新：   0条
保存日线数据，代码： 601828, 插入： 564条, 更新：   0条
保存日线数据，代码： 600198, 插入：1301条, 更新：   0条
保存日线数据，代码： 600198, 插入：1301条, 更新：   0条
保存日线数据，代码： 603818, 插入：1201条, 更新：   0条
保存日线数据，代码： 603818, 插入：1201条, 更新：   0条
保存日线数据，代码： 300263, 插入：1234条, 更新：   0条
保存日线数据，代码： 300263, 插入：1234条, 更新：   0条
保存日线数据，代码： 300567, 插入： 849条, 更新：   0条
保存日线数据，代码： 300567, 插入： 849条, 更新：   0条
保存日线数据，代码： 603208, 插入： 797条, 更新：   0条
保存日线数据，代码： 603208, 插入： 797条, 更新：   0条
保存日线数据，代码： 688396, 插入：  55条, 更新：   0条
保存日线数据，代码： 688396, 插入：  55条, 更新：   0条
保存日线数据，代码： 300429, 插入：1161条, 更新：   0条
保存日线数据，代码： 300429, 插入：1161条, 更新：   0条
保存日线数据，代码： 688028, 插入： 200条, 更新：   0条
保存日线数据，代码： 688028, 插入： 200条, 更新：   0条
保存日线数据，代码： 300666, 插入： 698条, 更新：   0条
保存日线数据，代码： 300666, 插入： 698条, 更新：   0条
保存日线数据，代码： 603828, 插入：1182条, 更新：   0条
保存日线数据，代码： 603828, 插入：1182条, 更新：   0条
保存日线数据，代码： 000620, 插入：   1条, 更新：   0条
保存日线数据，代码： 000620, 插入：   1条, 更新：   0条
保存日线数据，代码： 300568, 插入： 842条, 更新：   0条
保存日线数据，代码： 300568, 插入： 842条, 更新：   0条
保存日线数据，代码： 300313, 插入：1084条, 更新：   0条
保存日线数据，代码： 300313, 插入：1084条, 更新：   0条
保存日线数据，代码： 000823, 插入：1308条, 更新：   0条
保存日线数据，代码： 000823, 插入：1308条, 更新：   0条
保存日线数据，代码： 300598, 插入： 802条, 更新：   0条
保存日线数据，代码： 300598, 插入： 802条, 更新：   0条
保存日线数据，代码： 688008, 插入： 200条, 更新：   0条
保存日线数据，代码： 688008, 插入： 200条, 更新：   0条
保存日线数据，代码： 300056, 插入：1134条, 更新：   0条
保存日线数据，代码： 300056, 插入：1134条, 更新：   0条
保存日线数据，代码： 300274, 插入：1287条, 更新：   0条
保存日线数据，代码： 300274, 插入：1287条, 更新：   0条
保存日线数据，代码： 688368, 插入： 146条, 更新：   0条
保存日线数据，代码： 688368, 插入： 146条, 更新：   0条
保存日线数据，代码： 002919, 插入： 584条, 更新：   0条
保存日线数据，代码： 002919, 插入： 584条, 更新：   0条
保存日线数据，代码： 600361, 插入：1308条, 更新：   0条
保存日线数据，代码： 600361, 插入：1308条, 更新：   0条
保存日线数据，代码： 603085, 插入：1169条, 更新：   0条
保存日线数据，代码： 603085, 插入：1169条, 更新：   0条
保存日线数据，代码： 603078, 插入： 758条, 更新：   0条
保存日线数据，代码： 603078, 插入： 758条, 更新：   0条
保存日线数据，代码： 688039, 插入： 104条, 更新：   0条
保存日线数据，代码： 688039, 插入： 104条, 更新：   0条
保存日线数据，代码： 300139, 插入：   1条, 更新：   0条
保存日线数据，代码： 300139, 插入：   1条, 更新：   0条
保存日线数据，代码： 300661, 插入： 710条, 更新：   0条
保存日线数据，代码： 300661, 插入： 710条, 更新：   0条
保存日线数据，代码： 300721, 插入： 609条, 更新：   0条
保存日线数据，代码： 300721, 插入： 609条, 更新：   0条
保存日线数据，代码： 688189, 插入：  35条, 更新：   0条
保存日线数据，代码： 688189, 插入：  35条, 更新：   0条
保存日线数据，代码： 300171, 插入：1304条, 更新：   0条
保存日线数据，代码： 300171, 插入：1304条, 更新：   0条
保存日线数据，代码： 688233, 插入：  59条, 更新：   0条
保存日线数据，代码： 688233, 插入：  59条, 更新：   0条
保存日线数据，代码： 603801, 插入： 702条, 更新：   0条
保存日线数据，代码： 603801, 插入： 702条, 更新：   0条
保存日线数据，代码： 300206, 插入：1306条, 更新：   0条
保存日线数据，代码： 300206, 插入：1306条, 更新：   0条
保存日线数据，代码： 600176, 插入：1296条, 更新：   0条
保存日线数据，代码： 600176, 插入：1296条, 更新：   0条
保存日线数据，代码： 603118, 插入：1244条, 更新：   0条
保存日线数据，代码： 603118, 插入：1244条, 更新：   0条
保存日线数据，代码： 002661, 插入：1242条, 更新：   0条
保存日线数据，代码： 002661, 插入：1242条, 更新：   0条
保存日线数据，代码： 603183, 插入： 649条, 更新：   0条
保存日线数据，代码： 603183, 插入： 649条, 更新：   0条
保存日线数据，代码： 603506, 插入： 554条, 更新：   0条
保存日线数据，代码： 603506, 插入： 554条, 更新：   0条
保存日线数据，代码： 300294, 插入：1188条, 更新：   0条
保存日线数据，代码： 300294, 插入：1188条, 更新：   0条
保存日线数据，代码： 002277, 插入：1300条, 更新：   0条
保存日线数据，代码： 002277, 插入：1300条, 更新：   0条
保存日线数据，代码： 688598, 插入：   1条, 更新：   0条
保存日线数据，代码： 688598, 插入：   1条, 更新：   0条
保存日线数据，代码： 002560, 插入：1243条, 更新：   0条
保存日线数据，代码： 002560, 插入：1243条, 更新：   0条
保存日线数据，代码： 603059, 插入： 538条, 更新：   0条
保存日线数据，代码： 603059, 插入： 538条, 更新：   0条
保存日线数据，代码： 300132, 插入：1197条, 更新：   0条
保存日线数据，代码： 300132, 插入：1197条, 更新：   0条
保存日线数据，代码： 300454, 插入： 489条, 更新：   0条
保存日线数据，代码： 300454, 插入： 489条, 更新：   0条
保存日线数据，代码： 603690, 插入： 728条, 更新：   0条
保存日线数据，代码： 603690, 插入： 728条, 更新：   0条
保存日线数据，代码： 600803, 插入：1256条, 更新：   0条
保存日线数据，代码： 600803, 插入：1256条, 更新：   0条
保存日线数据，代码： 688123, 插入：  96条, 更新：   0条
保存日线数据，代码： 688123, 插入：  96条, 更新：   0条
保存日线数据，代码： 300707, 插入： 635条, 更新：   0条
保存日线数据，代码： 300707, 插入： 635条, 更新：   0条
保存日线数据，代码： 688365, 插入：  12条, 更新：   0条
保存日线数据，代码： 688365, 插入：  12条, 更新：   0条
保存日线数据，代码： 600753, 插入：1082条, 更新：   0条
保存日线数据，代码： 600753, 插入：1082条, 更新：   0条
保存日线数据，代码： 603578, 插入： 774条, 更新：   0条
保存日线数据，代码： 603578, 插入： 774条, 更新：   0条
保存日线数据，代码： 603988, 插入：1294条, 更新：   0条
保存日线数据，代码： 603988, 插入：1294条, 更新：   0条
保存日线数据，代码： 300677, 插入： 687条, 更新：   0条
保存日线数据，代码： 300677, 插入： 687条, 更新：   0条
保存日线数据，代码： 002822, 插入： 844条, 更新：   0条
保存日线数据，代码： 002822, 插入： 844条, 更新：   0条
保存日线数据，代码： 300022, 插入：1120条, 更新：   0条
保存日线数据，代码： 300022, 插入：1120条, 更新：   0条
保存日线数据，代码： 000600, 插入：1287条, 更新：   0条
保存日线数据，代码： 000600, 插入：1287条, 更新：   0条
保存日线数据，代码： 002430, 插入：1294条, 更新：   0条
保存日线数据，代码： 002430, 插入：1294条, 更新：   0条
保存日线数据，代码： 603979, 插入：1190条, 更新：   0条
保存日线数据，代码： 603979, 插入：1190条, 更新：   0条
保存日线数据，代码： 000066, 插入：   1条, 更新：   0条
保存日线数据，代码： 000066, 插入：   1条, 更新：   0条
保存日线数据，代码： 002501, 插入：1292条, 更新：   0条
保存日线数据，代码： 002501, 插入：1292条, 更新：   0条
保存日线数据，代码： 300102, 插入：1278条, 更新：   0条
保存日线数据，代码： 300102, 插入：1278条, 更新：   0条
保存日线数据，代码： 603283, 插入： 575条, 更新：   0条
保存日线数据，代码： 603283, 插入： 575条, 更新：   0条
保存日线数据，代码： 002326, 插入：1204条, 更新：   0条
保存日线数据，代码： 002326, 插入：1204条, 更新：   0条
保存日线数据，代码： 603922, 插入： 626条, 更新：   0条
保存日线数据，代码： 603922, 插入： 626条, 更新：   0条
保存日线数据，代码： 300207, 插入：1285条, 更新：   0条
保存日线数据，代码： 300207, 插入：1285条, 更新：   0条
保存日线数据，代码： 002076, 插入：1060条, 更新：   0条
保存日线数据，代码： 002076, 插入：1060条, 更新：   0条
保存日线数据，代码： 000856, 插入：1291条, 更新：   0条
保存日线数据，代码： 000856, 插入：1291条, 更新：   0条
保存日线数据，代码： 688208, 插入：  65条, 更新：   0条
保存日线数据，代码： 688208, 插入：  65条, 更新：   0条
保存日线数据，代码： 600818, 插入：   1条, 更新：   0条
保存日线数据，代码： 600818, 插入：   1条, 更新：   0条
保存日线数据，代码： 002756, 插入：1086条, 更新：   0条
保存日线数据，代码： 002756, 插入：1086条, 更新：   0条
保存日线数据，代码： 600667, 插入：1180条, 更新：   0条
保存日线数据，代码： 600667, 插入：1180条, 更新：   0条
保存日线数据，代码： 603813, 插入： 646条, 更新：   0条
保存日线数据，代码： 603813, 插入： 646条, 更新：   0条
保存日线数据，代码： 000038, 插入： 836条, 更新：   0条
保存日线数据，代码： 000038, 插入： 836条, 更新：   0条
保存日线数据，代码： 300279, 插入：1139条, 更新：   0条
保存日线数据，代码： 300279, 插入：1139条, 更新：   0条
保存日线数据，代码： 000301, 插入：1143条, 更新：   0条
保存日线数据，代码： 000301, 插入：1143条, 更新：   0条
保存日线数据，代码： 002407, 插入：1278条, 更新：   0条
保存日线数据，代码： 002407, 插入：1278条, 更新：   0条
保存日线数据，代码： 002751, 插入：1192条, 更新：   0条
保存日线数据，代码： 002751, 插入：1192条, 更新：   0条
保存日线数据，代码： 002354, 插入：1107条, 更新：   0条
保存日线数据，代码： 002354, 插入：1107条, 更新：   0条
保存日线数据，代码： 002712, 插入：1115条, 更新：   0条
保存日线数据，代码： 002712, 插入：1115条, 更新：   0条
保存日线数据，代码： 000837, 插入：1303条, 更新：   0条
保存日线数据，代码： 000837, 插入：1303条, 更新：   0条
保存日线数据，代码： 603858, 插入： 851条, 更新：   0条
保存日线数据，代码： 603858, 插入： 851条, 更新：   0条
保存日线数据，代码： 002429, 插入：1230条, 更新：   0条
保存日线数据，代码： 002429, 插入：1230条, 更新：   0条
保存日线数据，代码： 600359, 插入：   1条, 更新：   0条
保存日线数据，代码： 600359, 插入：   1条, 更新：   0条
保存日线数据，代码： 000971, 插入：1078条, 更新：   0条
保存日线数据，代码： 000971, 插入：1078条, 更新：   0条
保存日线数据，代码： 600209, 插入： 902条, 更新：   0条
保存日线数据，代码： 600209, 插入： 902条, 更新：   0条
保存日线数据，代码： 300770, 插入： 262条, 更新：   0条
保存日线数据，代码： 300770, 插入： 262条, 更新：   0条
保存日线数据，代码： 000848, 插入：   1条, 更新：   0条
保存日线数据，代码： 000848, 插入：   1条, 更新：   0条
保存日线数据，代码： 300767, 插入：   1条, 更新：   0条
保存日线数据，代码： 300767, 插入：   1条, 更新：   0条
保存日线数据，代码： 603693, 插入： 456条, 更新：   0条
保存日线数据，代码： 603693, 插入： 456条, 更新：   0条
保存日线数据，代码： 002247, 插入：1198条, 更新：   0条
保存日线数据，代码： 002247, 插入：1198条, 更新：   0条
保存日线数据，代码： 002323, 插入： 926条, 更新：   0条
保存日线数据，代码： 002323, 插入： 926条, 更新：   0条
保存日线数据，代码： 000408, 插入：1252条, 更新：   0条
保存日线数据，代码： 000408, 插入：1252条, 更新：   0条
保存日线数据，代码： 603559, 插入： 766条, 更新：   0条
保存日线数据，代码： 603559, 插入： 766条, 更新：   0条
保存日线数据，代码： 002445, 插入：1058条, 更新：   0条
保存日线数据，代码： 002445, 插入：1058条, 更新：   0条
保存日线数据，代码： 300226, 插入：1199条, 更新：   0条
保存日线数据，代码： 300226, 插入：1199条, 更新：   0条
保存日线数据，代码： 002575, 插入： 963条, 更新：   0条
保存日线数据，代码： 002575, 插入： 963条, 更新：   0条
保存日线数据，代码： 300219, 插入：1179条, 更新：   0条
保存日线数据，代码： 300219, 插入：1179条, 更新：   0条
保存日线数据，代码： 300133, 插入：1299条, 更新：   0条
保存日线数据，代码： 300133, 插入：1299条, 更新：   0条
保存日线数据，代码： 603876, 插入： 507条, 更新：   0条
保存日线数据，代码： 603876, 插入： 507条, 更新：   0条
保存日线数据，代码： 002129, 插入： 872条, 更新：   0条
保存日线数据，代码： 002129, 插入： 872条, 更新：   0条
保存日线数据，代码： 603976, 插入： 665条, 更新：   0条
保存日线数据，代码： 603976, 插入： 665条, 更新：   0条
保存日线数据，代码： 002428, 插入：1300条, 更新：   0条
保存日线数据，代码： 002428, 插入：1300条, 更新：   0条
保存日线数据，代码： 300656, 插入： 662条, 更新：   0条
保存日线数据，代码： 300656, 插入： 662条, 更新：   0条
保存日线数据，代码： 600336, 插入：1298条, 更新：   0条
保存日线数据，代码： 600336, 插入：1298条, 更新：   0条
保存日线数据，代码： 300200, 插入：1262条, 更新：   0条
保存日线数据，代码： 300200, 插入：1262条, 更新：   0条
保存日线数据，代码： 300725, 插入： 607条, 更新：   0条
保存日线数据，代码： 300725, 插入： 607条, 更新：   0条
保存日线数据，代码： 002621, 插入：1076条, 更新：   0条
保存日线数据，代码： 002621, 插入：1076条, 更新：   0条
保存日线数据，代码： 688169, 插入：  59条, 更新：   0条
保存日线数据，代码： 688169, 插入：  59条, 更新：   0条
保存日线数据，代码： 300808, 插入： 112条, 更新：   0条
保存日线数据，代码： 300808, 插入： 112条, 更新：   0条
保存日线数据，代码： 603519, 插入：1166条, 更新：   0条
保存日线数据，代码： 603519, 插入：1166条, 更新：   0条
保存日线数据，代码： 300563, 插入： 855条, 更新：   0条
保存日线数据，代码： 300563, 插入： 855条, 更新：   0条
保存日线数据，代码： 601777, 插入：1282条, 更新：   0条
保存日线数据，代码： 601777, 插入：1282条, 更新：   0条
保存日线数据，代码： 300042, 插入：1296条, 更新：   0条
保存日线数据，代码： 300042, 插入：1296条, 更新：   0条
保存日线数据，代码： 603019, 插入：1292条, 更新：   0条
保存日线数据，代码： 603019, 插入：1292条, 更新：   0条
保存日线数据，代码： 002127, 插入：1096条, 更新：   0条
保存日线数据，代码： 002127, 插入：1096条, 更新：   0条
保存日线数据，代码： 603533, 插入： 641条, 更新：   0条
保存日线数据，代码： 603533, 插入： 641条, 更新：   0条
保存日线数据，代码： 002902, 插入： 628条, 更新：   0条
保存日线数据，代码： 002902, 插入： 628条, 更新：   0条
保存日线数据，代码： 002971, 插入：  82条, 更新：   0条
保存日线数据，代码： 002971, 插入：  82条, 更新：   0条
保存日线数据，代码： 600078, 插入：1236条, 更新：   0条
保存日线数据，代码： 600078, 插入：1236条, 更新：   0条
保存日线数据，代码： 688020, 插入： 200条, 更新：   0条
保存日线数据，代码： 688020, 插入： 200条, 更新：   0条
保存日线数据，代码： 688006, 插入： 200条, 更新：   0条
保存日线数据，代码： 688006, 插入： 200条, 更新：   0条
保存日线数据，代码： 600658, 插入：1296条, 更新：   0条
保存日线数据，代码： 600658, 插入：1296条, 更新：   0条
保存日线数据，代码： 002745, 插入：1066条, 更新：   0条
保存日线数据，代码： 002745, 插入：1066条, 更新：   0条
保存日线数据，代码： 300456, 插入：1071条, 更新：   0条
保存日线数据，代码： 300456, 插入：1071条, 更新：   0条
保存日线数据，代码： 002079, 插入：1255条, 更新：   0条
保存日线数据，代码： 002079, 插入：1255条, 更新：   0条
保存日线数据，代码： 603727, 插入： 849条, 更新：   0条
保存日线数据，代码： 603727, 插入： 849条, 更新：   0条
保存日线数据，代码： 600479, 插入：1304条, 更新：   0条
保存日线数据，代码： 600479, 插入：1304条, 更新：   0条
保存日线数据，代码： 002264, 插入：1111条, 更新：   0条
保存日线数据，代码： 002264, 插入：1111条, 更新：   0条
保存日线数据，代码： 603777, 插入： 878条, 更新：   0条
保存日线数据，代码： 603777, 插入： 878条, 更新：   0条
保存日线数据，代码： 002643, 插入：1194条, 更新：   0条
保存日线数据，代码： 002643, 插入：1194条, 更新：   0条
保存日线数据，代码： 300167, 插入：1230条, 更新：   0条
保存日线数据，代码： 300167, 插入：1230条, 更新：   0条
保存日线数据，代码： 002970, 插入： 100条, 更新：   0条
保存日线数据，代码： 002970, 插入： 100条, 更新：   0条
保存日线数据，代码： 300826, 插入：  29条, 更新：   0条
保存日线数据，代码： 300826, 插入：  29条, 更新：   0条
保存日线数据，代码： 300196, 插入：1209条, 更新：   0条
保存日线数据，代码： 300196, 插入：1209条, 更新：   0条
保存日线数据，代码： 603002, 插入：1283条, 更新：   0条
保存日线数据，代码： 603002, 插入：1283条, 更新：   0条
保存日线数据，代码： 300782, 插入： 224条, 更新：   0条
保存日线数据，代码： 300782, 插入： 224条, 更新：   0条
保存日线数据，代码： 300572, 插入： 839条, 更新：   0条
保存日线数据，代码： 300572, 插入： 839条, 更新：   0条
保存日线数据，代码： 300511, 插入：   1条, 更新：   0条
保存日线数据，代码： 300511, 插入：   1条, 更新：   0条
保存日线数据，代码： 688086, 插入：  56条, 更新：   0条
保存日线数据，代码： 688086, 插入：  56条, 更新：   0条
保存日线数据，代码： 300747, 插入： 462条, 更新：   0条
保存日线数据，代码： 300747, 插入： 462条, 更新：   0条
保存日线数据，代码： 300508, 插入： 990条, 更新：   0条
保存日线数据，代码： 300508, 插入： 990条, 更新：   0条
保存日线数据，代码： 300821, 插入：  45条, 更新：   0条
保存日线数据，代码： 300821, 插入：  45条, 更新：   0条
保存日线数据，代码： 002093, 插入：1280条, 更新：   0条
保存日线数据，代码： 002093, 插入：1280条, 更新：   0条
保存日线数据，代码： 688258, 插入： 106条, 更新：   0条
保存日线数据，代码： 688258, 插入： 106条, 更新：   0条
保存日线数据，代码： 600983, 插入：1205条, 更新：   0条
保存日线数据，代码： 600983, 插入：1205条, 更新：   0条
保存日线数据，代码： 603920, 插入： 746条, 更新：   0条
保存日线数据，代码： 603920, 插入： 746条, 更新：   0条
保存日线数据，代码： 600378, 插入：1159条, 更新：   0条
保存日线数据，代码： 600378, 插入：1159条, 更新：   0条
保存日线数据，代码： 600122, 插入：1040条, 更新：   0条
保存日线数据，代码： 600122, 插入：1040条, 更新：   0条
保存日线数据，代码： 002241, 插入：1296条, 更新：   0条
保存日线数据，代码： 002241, 插入：1296条, 更新：   0条
保存日线数据，代码： 603338, 插入：1243条, 更新：   0条
保存日线数据，代码： 603338, 插入：1243条, 更新：   0条
保存日线数据，代码： 603106, 插入： 643条, 更新：   0条
保存日线数据，代码： 603106, 插入： 643条, 更新：   0条
保存日线数据，代码： 002456, 插入：1285条, 更新：   0条
保存日线数据，代码： 002456, 插入：1285条, 更新：   0条
保存日线数据，代码： 300825, 插入：  34条, 更新：   0条
保存日线数据，代码： 300825, 插入：  34条, 更新：   0条
保存日线数据，代码： 002199, 插入：1088条, 更新：   0条
保存日线数据，代码： 002199, 插入：1088条, 更新：   0条
保存日线数据，代码： 300501, 插入：1041条, 更新：   0条
保存日线数据，代码： 300501, 插入：1041条, 更新：   0条
保存日线数据，代码： 002416, 插入：1246条, 更新：   0条
保存日线数据，代码： 002416, 插入：1246条, 更新：   0条
保存日线数据，代码： 300079, 插入：1290条, 更新：   0条
保存日线数据，代码： 300079, 插入：1290条, 更新：   0条
保存日线数据，代码： 300416, 插入：1286条, 更新：   0条
保存日线数据，代码： 300416, 插入：1286条, 更新：   0条
保存日线数据，代码： 603816, 插入： 876条, 更新：   0条
保存日线数据，代码： 603816, 插入： 876条, 更新：   0条
保存日线数据，代码： 002174, 插入：1111条, 更新：   0条
保存日线数据，代码： 002174, 插入：1111条, 更新：   0条
保存日线数据，代码： 601028, 插入：1239条, 更新：   0条
保存日线数据，代码： 601028, 插入：1239条, 更新：   0条
保存日线数据，代码： 300537, 插入： 825条, 更新：   0条
保存日线数据，代码： 300537, 插入： 824条, 更新：   0条
保存日线数据，代码： 300538, 插入： 905条, 更新：   0条
保存日线数据，代码： 300538, 插入： 904条, 更新：   0条
保存日线数据，代码： 002669, 插入：1097条, 更新：   0条
保存日线数据，代码： 002669, 插入：1096条, 更新：   0条
保存日线数据，代码： 300054, 插入：1215条, 更新：   0条
保存日线数据，代码： 300054, 插入：1214条, 更新：   0条
保存日线数据，代码： 300671, 插入： 700条, 更新：   0条
保存日线数据，代码： 300671, 插入： 699条, 更新：   0条
保存日线数据，代码： 002568, 插入：1277条, 更新：   0条
保存日线数据，代码： 002568, 插入：1276条, 更新：   0条
保存日线数据，代码： 300446, 插入：1237条, 更新：   0条
保存日线数据，代码： 300446, 插入：1236条, 更新：   0条
保存日线数据，代码： 000962, 插入：1143条, 更新：   0条
保存日线数据，代码： 000962, 插入：1142条, 更新：   0条
保存日线数据，代码： 603678, 插入：1278条, 更新：   0条
保存日线数据，代码： 603678, 插入：1277条, 更新：   0条
保存日线数据，代码： 603239, 插入： 821条, 更新：   0条
保存日线数据，代码： 603239, 插入： 820条, 更新：   0条
保存日线数据，代码： 300726, 插入： 606条, 更新：   0条
保存日线数据，代码： 300726, 插入： 605条, 更新：   0条
保存日线数据，代码： 688202, 插入： 131条, 更新：   0条
保存日线数据，代码： 688202, 插入： 131条, 更新：   0条
保存日线数据，代码： 600570, 插入：1302条, 更新：   0条
保存日线数据，代码： 600570, 插入：1301条, 更新：   0条
保存日线数据，代码： 000021, 插入：1289条, 更新：   0条
保存日线数据，代码： 000021, 插入：1288条, 更新：   0条
保存日线数据，代码： 300458, 插入：1212条, 更新：   0条
保存日线数据，代码： 300458, 插入：1211条, 更新：   0条
保存日线数据，代码： 002903, 插入： 632条, 更新：   0条
保存日线数据，代码： 002903, 插入： 631条, 更新：   0条
保存日线数据，代码： 603788, 插入：1284条, 更新：   0条
保存日线数据，代码： 603788, 插入：1283条, 更新：   0条
保存日线数据，代码： 000663, 插入：1198条, 更新：   0条
保存日线数据，代码： 000663, 插入：1197条, 更新：   0条
保存日线数据，代码： 300634, 插入： 524条, 更新：   0条
保存日线数据，代码： 300634, 插入： 524条, 更新：   0条
保存日线数据，代码： 000731, 插入：1309条, 更新：   0条
保存日线数据，代码： 000731, 插入：1309条, 更新：   0条
保存日线数据，代码： 300785, 插入： 206条, 更新：   0条
保存日线数据，代码： 300785, 插入： 206条, 更新：   0条
保存日线数据，代码： 002230, 插入：1248条, 更新：   0条
保存日线数据，代码： 002230, 插入：1248条, 更新：   0条
保存日线数据，代码： 603551, 插入：  81条, 更新：   0条
保存日线数据，代码： 603551, 插入：  81条, 更新：   0条
保存日线数据，代码： 002920, 插入： 581条, 更新：   0条
保存日线数据，代码： 002920, 插入： 581条, 更新：   0条
保存日线数据，代码： 300316, 插入：1206条, 更新：   0条
保存日线数据，代码： 300316, 插入：1206条, 更新：   0条
保存日线数据，代码： 002390, 插入：1244条, 更新：   0条
保存日线数据，代码： 002390, 插入：1244条, 更新：   0条
保存日线数据，代码： 600617, 插入：1309条, 更新：   0条
保存日线数据，代码： 600617, 插入：1309条, 更新：   0条
保存日线数据，代码： 002484, 插入：1309条, 更新：   0条
保存日线数据，代码： 002484, 插入：1309条, 更新：   0条
保存日线数据，代码： 600831, 插入：1296条, 更新：   0条
保存日线数据，代码： 600831, 插入：1296条, 更新：   0条
保存日线数据，代码： 300474, 插入：1000条, 更新：   0条
保存日线数据，代码： 300474, 插入：1000条, 更新：   0条
保存日线数据，代码： 603345, 插入： 751条, 更新：   0条
保存日线数据，代码： 603345, 插入： 751条, 更新：   0条
保存日线数据，代码： 603815, 插入： 142条, 更新：   0条
保存日线数据，代码： 603815, 插入： 142条, 更新：   0条
保存日线数据，代码： 300386, 插入：1309条, 更新：   0条
保存日线数据，代码： 300386, 插入：1309条, 更新：   0条
保存日线数据，代码： 603778, 插入：1036条, 更新：   0条
保存日线数据，代码： 603778, 插入：1036条, 更新：   0条
保存日线数据，代码： 002892, 插入： 667条, 更新：   0条
保存日线数据，代码： 002892, 插入： 667条, 更新：   0条
保存日线数据，代码： 603838, 插入： 887条, 更新：   0条
保存日线数据，代码： 603838, 插入： 887条, 更新：   0条
保存日线数据，代码： 002375, 插入：1287条, 更新：   0条
保存日线数据，代码： 002375, 插入：1287条, 更新：   0条
保存日线数据，代码： 300801, 插入： 114条, 更新：   0条
保存日线数据，代码： 300801, 插入： 114条, 更新：   0条
保存日线数据，代码： 300812, 插入：  85条, 更新：   0条
保存日线数据，代码： 300812, 插入：  85条, 更新：   0条
保存日线数据，代码： 300817, 插入：  63条, 更新：   0条
保存日线数据，代码： 300817, 插入：  63条, 更新：   0条
保存日线数据，代码： 000987, 插入：1195条, 更新：   0条
保存日线数据，代码： 000987, 插入：1195条, 更新：   0条
保存日线数据，代码： 300094, 插入：1203条, 更新：   0条
保存日线数据，代码： 300094, 插入：1203条, 更新：   0条
保存日线数据，代码： 600645, 插入： 984条, 更新：   0条
保存日线数据，代码： 600645, 插入： 984条, 更新：   0条
保存日线数据，代码： 002439, 插入：1190条, 更新：   0条
保存日线数据，代码： 002439, 插入：1190条, 更新：   0条
保存日线数据，代码： 600984, 插入：   2条, 更新：   0条
保存日线数据，代码： 600984, 插入：   2条, 更新：   0条
保存日线数据，代码： 300419, 插入：1195条, 更新：   0条
保存日线数据，代码： 300419, 插入：1195条, 更新：   0条
保存日线数据，代码： 002302, 插入：   2条, 更新：   0条
保存日线数据，代码： 002302, 插入：   2条, 更新：   0条
保存日线数据，代码： 300245, 插入：1298条, 更新：   0条
保存日线数据，代码： 300245, 插入：1298条, 更新：   0条
保存日线数据，代码： 300603, 插入： 643条, 更新：   0条
保存日线数据，代码： 300603, 插入： 643条, 更新：   0条
保存日线数据，代码： 600987, 插入：1245条, 更新：   0条
保存日线数据，代码： 600987, 插入：1245条, 更新：   0条
保存日线数据，代码： 300296, 插入：1237条, 更新：   0条
保存日线数据，代码： 300296, 插入：1237条, 更新：   0条
保存日线数据，代码： 603110, 插入： 633条, 更新：   0条
保存日线数据，代码： 603110, 插入： 633条, 更新：   0条
保存日线数据，代码： 603385, 插入： 762条, 更新：   0条
保存日线数据，代码： 603385, 插入： 762条, 更新：   0条
保存日线数据，代码： 600055, 插入：1282条, 更新：   0条
保存日线数据，代码： 600055, 插入：1282条, 更新：   0条
保存日线数据，代码： 603212, 插入：  12条, 更新：   0条
保存日线数据，代码： 603212, 插入：  12条, 更新：   0条
保存日线数据，代码： 002577, 插入：1200条, 更新：   0条
保存日线数据，代码： 002577, 插入：1200条, 更新：   0条
保存日线数据，代码： 300395, 插入：1309条, 更新：   0条
保存日线数据，代码： 300395, 插入：1309条, 更新：   0条
保存日线数据，代码： 603336, 插入： 836条, 更新：   0条
保存日线数据，代码： 603336, 插入： 836条, 更新：   0条
保存日线数据，代码： 002809, 插入： 875条, 更新：   0条
保存日线数据，代码： 002809, 插入： 875条, 更新：   0条
保存日线数据，代码： 300081, 插入：1140条, 更新：   0条
保存日线数据，代码： 300081, 插入：1140条, 更新：   0条
保存日线数据，代码： 300433, 插入：1237条, 更新：   0条
保存日线数据，代码： 300433, 插入：1237条, 更新：   0条
保存日线数据，代码： 603505, 插入： 743条, 更新：   0条
保存日线数据，代码： 603505, 插入： 743条, 更新：   0条
保存日线数据，代码： 300828, 插入：  19条, 更新：   0条
保存日线数据，代码： 300828, 插入：  19条, 更新：   0条
保存日线数据，代码： 000977, 插入：1269条, 更新：   0条
保存日线数据，代码： 000977, 插入：1269条, 更新：   0条
保存日线数据，代码： 300151, 插入：1217条, 更新：   0条
保存日线数据，代码： 300151, 插入：1217条, 更新：   0条
保存日线数据，代码： 300659, 插入： 618条, 更新：   0条
保存日线数据，代码： 300659, 插入： 618条, 更新：   0条
保存日线数据，代码： 600676, 插入：1281条, 更新：   0条
保存日线数据，代码： 600676, 插入：1281条, 更新：   0条
保存日线数据，代码： 002184, 插入：1287条, 更新：   0条
保存日线数据，代码： 002184, 插入：1287条, 更新：   0条
保存日线数据，代码： 300749, 插入： 383条, 更新：   0条
保存日线数据，代码： 300749, 插入： 383条, 更新：   0条
保存日线数据，代码： 002946, 插入： 317条, 更新：   0条
保存日线数据，代码： 002946, 插入： 317条, 更新：   0条
保存日线数据，代码： 002660, 插入：1228条, 更新：   0条
保存日线数据，代码： 002660, 插入：1228条, 更新：   0条
保存日线数据，代码： 002597, 插入：1302条, 更新：   0条
保存日线数据，代码： 002597, 插入：1302条, 更新：   0条
保存日线数据，代码： 603686, 插入：1232条, 更新：   0条
保存日线数据，代码： 603686, 插入：1232条, 更新：   0条
保存日线数据，代码： 600416, 插入：1265条, 更新：   0条
保存日线数据，代码： 600416, 插入：1265条, 更新：   0条
保存日线数据，代码： 601696, 插入：  57条, 更新：   0条
保存日线数据，代码： 601696, 插入：  57条, 更新：   0条
保存日线数据，代码： 600876, 插入：1180条, 更新：   0条
保存日线数据，代码： 600876, 插入：1180条, 更新：   0条
保存日线数据，代码： 300232, 插入：1227条, 更新：   0条
保存日线数据，代码： 300232, 插入：1227条, 更新：   0条
保存日线数据，代码： 002185, 插入：1295条, 更新：   0条
保存日线数据，代码： 002185, 插入：1295条, 更新：   0条
保存日线数据，代码： 600650, 插入：1309条, 更新：   0条
保存日线数据，代码： 600650, 插入：1309条, 更新：   0条
保存日线数据，代码： 002918, 插入： 586条, 更新：   0条
保存日线数据，代码： 002918, 插入： 586条, 更新：   0条
保存日线数据，代码： 000100, 插入：1144条, 更新：   0条
保存日线数据，代码： 000100, 插入：1144条, 更新：   0条
保存日线数据，代码： 300450, 插入：1072条, 更新：   0条
保存日线数据，代码： 300450, 插入：1072条, 更新：   0条
保存日线数据，代码： 002541, 插入：1304条, 更新：   0条
保存日线数据，代码： 002541, 插入：1304条, 更新：   0条
保存日线数据，代码： 300265, 插入：1188条, 更新：   0条
保存日线数据，代码： 300265, 插入：1188条, 更新：   0条
保存日线数据，代码： 603040, 插入： 798条, 更新：   0条
保存日线数据，代码： 603040, 插入： 798条, 更新：   0条
保存日线数据，代码： 002398, 插入：1188条, 更新：   0条
保存日线数据，代码： 002398, 插入：1188条, 更新：   0条
保存日线数据，代码： 603266, 插入： 816条, 更新：   0条
保存日线数据，代码： 603266, 插入： 816条, 更新：   0条
保存日线数据，代码： 002169, 插入：1242条, 更新：   0条
保存日线数据，代码： 002169, 插入：1242条, 更新：   0条
保存日线数据，代码： 002850, 插入： 784条, 更新：   0条
保存日线数据，代码： 002850, 插入： 784条, 更新：   0条
保存日线数据，代码： 002213, 插入：1244条, 更新：   0条
保存日线数据，代码： 002213, 插入：1244条, 更新：   0条
保存日线数据，代码： 603893, 插入：  70条, 更新：   0条
保存日线数据，代码： 603893, 插入：  70条, 更新：   0条
保存日线数据，代码： 300525, 插入： 918条, 更新：   0条
保存日线数据，代码： 300525, 插入： 918条, 更新：   0条
保存日线数据，代码： 600095, 插入：1282条, 更新：   0条
保存日线数据，代码： 600095, 插入：1282条, 更新：   0条
保存日线数据，代码： 688177, 插入：  60条, 更新：   0条
保存日线数据，代码： 688177, 插入：  60条, 更新：   0条
保存日线数据，代码： 688058, 插入： 133条, 更新：   0条
保存日线数据，代码： 688058, 插入： 133条, 更新：   0条
保存日线数据，代码： 002893, 插入： 646条, 更新：   0条
保存日线数据，代码： 002893, 插入： 646条, 更新：   0条
保存日线数据，代码： 300413, 插入：1037条, 更新：   0条
保存日线数据，代码： 300413, 插入：1037条, 更新：   0条
保存日线数据，代码： 002684, 插入：1052条, 更新：   0条
保存日线数据，代码： 002684, 插入：1052条, 更新：   0条
保存日线数据，代码： 002036, 插入：1207条, 更新：   0条
保存日线数据，代码： 002036, 插入：1207条, 更新：   0条
保存日线数据，代码： 300331, 插入：1165条, 更新：   0条
保存日线数据，代码： 300331, 插入：1165条, 更新：   0条
保存日线数据，代码： 002534, 插入：1309条, 更新：   0条
保存日线数据，代码： 002534, 插入：1309条, 更新：   0条
保存日线数据，代码： 300743, 插入： 501条, 更新：   0条
保存日线数据，代码： 300743, 插入： 501条, 更新：   0条
保存日线数据，代码： 300509, 插入： 987条, 更新：   0条
保存日线数据，代码： 300509, 插入： 987条, 更新：   0条
保存日线数据，代码： 300632, 插入： 761条, 更新：   0条
保存日线数据，代码： 300632, 插入： 761条, 更新：   0条
保存日线数据，代码： 688278, 插入：  79条, 更新：   0条
保存日线数据，代码： 688278, 插入：  79条, 更新：   0条
保存日线数据，代码： 000428, 插入：1309条, 更新：   0条
保存日线数据，代码： 000428, 插入：1309条, 更新：   0条
保存日线数据，代码： 300280, 插入：1025条, 更新：   0条
保存日线数据，代码： 300280, 插入：1025条, 更新：   0条
保存日线数据，代码： 300604, 插入： 753条, 更新：   0条
保存日线数据，代码： 300604, 插入： 753条, 更新：   0条
保存日线数据，代码： 002304, 插入：1309条, 更新：   0条
保存日线数据，代码： 002304, 插入：1309条, 更新：   0条
保存日线数据，代码： 002413, 插入：1136条, 更新：   0条
保存日线数据，代码： 002413, 插入：1136条, 更新：   0条
保存日线数据，代码： 600488, 插入：1222条, 更新：   0条
保存日线数据，代码： 600488, 插入：1222条, 更新：   0条
保存日线数据，代码： 300688, 插入： 663条, 更新：   0条
保存日线数据，代码： 300688, 插入： 663条, 更新：   0条
保存日线数据，代码： 688158, 插入：  78条, 更新：   0条
保存日线数据，代码： 688158, 插入：  78条, 更新：   0条
保存日线数据，代码： 300594, 插入： 222条, 更新：   0条
保存日线数据，代码： 300594, 插入： 222条, 更新：   0条
保存日线数据，代码： 688588, 插入：   8条, 更新：   0条
保存日线数据，代码： 688588, 插入：   8条, 更新：   0条
保存日线数据，代码： 688001, 插入： 201条, 更新：   0条
保存日线数据，代码： 688001, 插入： 201条, 更新：   0条
保存日线数据，代码： 600634, 插入：1022条, 更新：   0条
保存日线数据，代码： 600634, 插入：1022条, 更新：   0条
保存日线数据，代码： 300556, 插入： 862条, 更新：   0条
保存日线数据，代码： 300556, 插入： 862条, 更新：   0条
保存日线数据，代码： 002192, 插入：1296条, 更新：   0条
保存日线数据，代码： 002192, 插入：1296条, 更新：   0条
保存日线数据，代码： 002351, 插入：1300条, 更新：   0条
保存日线数据，代码： 002351, 插入：1300条, 更新：   0条
保存日线数据，代码： 300619, 插入： 785条, 更新：   0条
保存日线数据，代码： 300619, 插入： 785条, 更新：   0条
保存日线数据，代码： 300319, 插入：1181条, 更新：   0条
保存日线数据，代码： 300319, 插入：1181条, 更新：   0条
保存日线数据，代码： 300179, 插入：1167条, 更新：   0条
保存日线数据，代码： 300179, 插入：1167条, 更新：   0条
保存日线数据，代码： 002908, 插入： 626条, 更新：   0条
保存日线数据，代码： 002908, 插入： 626条, 更新：   0条
保存日线数据，代码： 300751, 插入：   2条, 更新：   0条
保存日线数据，代码： 300751, 插入：   2条, 更新：   0条
保存日线数据，代码： 600239, 插入：1074条, 更新：   0条
保存日线数据，代码： 600239, 插入：1074条, 更新：   0条
保存日线数据，代码： 603129, 插入： 668条, 更新：   0条
保存日线数据，代码： 603129, 插入： 668条, 更新：   0条
保存日线数据，代码： 000061, 插入：1234条, 更新：   0条
保存日线数据，代码： 000061, 插入：1234条, 更新：   0条
保存日线数据，代码： 603396, 插入： 630条, 更新：   0条
保存日线数据，代码： 603396, 插入： 630条, 更新：   0条
保存日线数据，代码： 603290, 插入：  73条, 更新：   0条
保存日线数据，代码： 603290, 插入：  73条, 更新：   0条
保存日线数据，代码： 002062, 插入：1289条, 更新：   0条
保存日线数据，代码： 002062, 插入：1289条, 更新：   0条
保存日线数据，代码： 002697, 插入：   2条, 更新：   0条
保存日线数据，代码： 002697, 插入：   2条, 更新：   0条
保存日线数据，代码： 600754, 插入：1226条, 更新：   0条
保存日线数据，代码： 600754, 插入：1226条, 更新：   0条
保存日线数据，代码： 600730, 插入：1302条, 更新：   0条
保存日线数据，代码： 600730, 插入：1302条, 更新：   0条
保存日线数据，代码： 000948, 插入：1270条, 更新：   0条
保存日线数据，代码： 000948, 插入：1270条, 更新：   0条
保存日线数据，代码： 002311, 插入：1309条, 更新：   0条
保存日线数据，代码： 002311, 插入：1309条, 更新：   0条
保存日线数据，代码： 688016, 插入： 201条, 更新：   0条
保存日线数据，代码： 688016, 插入： 201条, 更新：   0条
保存日线数据，代码： 300327, 插入：1305条, 更新：   0条
保存日线数据，代码： 300327, 插入：1305条, 更新：   0条
保存日线数据，代码： 600233, 插入：   2条, 更新：   0条
保存日线数据，代码： 600233, 插入：   2条, 更新：   0条
保存日线数据，代码： 002103, 插入：1064条, 更新：   0条
保存日线数据，代码： 002103, 插入：1064条, 更新：   0条
保存日线数据，代码： 300823, 插入：  41条, 更新：   0条
保存日线数据，代码： 300823, 插入：  41条, 更新：   0条
保存日线数据，代码： 002008, 插入：1303条, 更新：   0条
保存日线数据，代码： 002008, 插入：1303条, 更新：   0条
保存日线数据，代码： 300455, 插入：1089条, 更新：   0条
保存日线数据，代码： 300455, 插入：1089条, 更新：   0条
保存日线数据，代码： 603379, 插入： 275条, 更新：   0条
保存日线数据，代码： 603379, 插入： 275条, 更新：   0条
保存日线数据，代码： 300493, 插入：1072条, 更新：   0条
保存日线数据，代码： 300493, 插入：1072条, 更新：   0条
保存日线数据，代码： 002384, 插入：1108条, 更新：   0条
保存日线数据，代码： 002384, 插入：1108条, 更新：   0条
保存日线数据，代码： 688101, 插入： 123条, 更新：   0条
保存日线数据，代码： 688101, 插入： 123条, 更新：   0条
保存日线数据，代码： 300092, 插入：1152条, 更新：   0条
保存日线数据，代码： 300092, 插入：1152条, 更新：   0条
保存日线数据，代码： 603790, 插入： 406条, 更新：   0条
保存日线数据，代码： 603790, 插入： 406条, 更新：   0条
保存日线数据，代码： 002582, 插入：1176条, 更新：   0条
保存日线数据，代码： 002582, 插入：1176条, 更新：   0条
保存日线数据，代码： 002165, 插入：1224条, 更新：   0条
保存日线数据，代码： 002165, 插入：1224条, 更新：   0条
保存日线数据，代码： 002962, 插入： 161条, 更新：   0条
保存日线数据，代码： 002962, 插入： 161条, 更新：   0条
保存日线数据，代码： 300301, 插入：1231条, 更新：   0条
保存日线数据，代码： 300301, 插入：1231条, 更新：   0条
保存日线数据，代码： 600289, 插入：1141条, 更新：   0条
保存日线数据，代码： 600289, 插入：1141条, 更新：   0条
保存日线数据，代码： 002021, 插入：1140条, 更新：   0条
保存日线数据，代码： 002021, 插入：1140条, 更新：   0条
保存日线数据，代码： 300612, 插入： 624条, 更新：   0条
保存日线数据，代码： 300612, 插入： 624条, 更新：   0条
保存日线数据，代码： 300236, 插入：1305条, 更新：   0条
保存日线数据，代码： 300236, 插入：1305条, 更新：   0条
保存日线数据，代码： 002938, 插入： 402条, 更新：   0条
保存日线数据，代码： 002938, 插入： 402条, 更新：   0条
保存日线数据，代码： 688108, 插入： 135条, 更新：   0条
保存日线数据，代码： 688108, 插入： 135条, 更新：   0条
保存日线数据，代码： 603787, 插入： 746条, 更新：   0条
保存日线数据，代码： 603787, 插入： 746条, 更新：   0条
保存日线数据，代码： 300601, 插入： 801条, 更新：   0条
保存日线数据，代码： 300601, 插入： 801条, 更新：   0条
保存日线数据，代码： 002043, 插入：1212条, 更新：   0条
保存日线数据，代码： 002043, 插入：1211条, 更新：   0条
保存日线数据，代码： 000938, 插入：1167条, 更新：   0条
保存日线数据，代码： 000938, 插入：1166条, 更新：   0条
保存日线数据，代码： 603339, 插入： 974条, 更新：   0条
保存日线数据，代码： 603339, 插入： 973条, 更新：   0条
保存日线数据，代码： 603159, 插入： 916条, 更新：   0条
保存日线数据，代码： 603159, 插入： 915条, 更新：   0条
保存日线数据，代码： 603136, 插入： 641条, 更新：   0条
保存日线数据，代码： 603136, 插入： 640条, 更新：   0条
保存日线数据，代码： 300303, 插入：1294条, 更新：   0条
保存日线数据，代码： 300303, 插入：1294条, 更新：   0条
保存日线数据，代码： 601968, 插入：1185条, 更新：   0条
保存日线数据，代码： 601968, 插入：1185条, 更新：   0条
保存日线数据，代码： 603232, 插入： 751条, 更新：   0条
保存日线数据，代码： 603232, 插入： 751条, 更新：   0条
保存日线数据，代码： 300394, 插入：1267条, 更新：   0条
保存日线数据，代码： 300394, 插入：1267条, 更新：   0条
保存日线数据，代码： 601231, 插入：1300条, 更新：   0条
保存日线数据，代码： 601231, 插入：1300条, 更新：   0条
保存日线数据，代码： 603606, 插入：1301条, 更新：   0条
保存日线数据，代码： 603606, 插入：1301条, 更新：   0条
保存日线数据，代码： 603659, 插入： 563条, 更新：   0条
保存日线数据，代码： 603659, 插入： 563条, 更新：   0条
保存日线数据，代码： 002981, 插入：  22条, 更新：   0条
保存日线数据，代码： 002981, 插入：  22条, 更新：   0条
保存日线数据，代码： 300373, 插入：1278条, 更新：   0条
保存日线数据，代码： 300373, 插入：1278条, 更新：   0条
保存日线数据，代码： 600750, 插入：1245条, 更新：   0条
保存日线数据，代码： 600750, 插入：1245条, 更新：   0条
保存日线数据，代码： 300445, 插入：1237条, 更新：   0条
保存日线数据，代码： 300445, 插入：1237条, 更新：   0条
保存日线数据，代码： 603978, 插入： 675条, 更新：   0条
保存日线数据，代码： 603978, 插入： 675条, 更新：   0条
保存日线数据，代码： 603809, 插入： 602条, 更新：   0条
保存日线数据，代码： 603809, 插入： 602条, 更新：   0条
保存日线数据，代码： 300380, 插入：1310条, 更新：   0条
保存日线数据，代码： 300380, 插入：1310条, 更新：   0条
保存日线数据，代码： 688357, 插入： 111条, 更新：   0条
保存日线数据，代码： 688357, 插入： 111条, 更新：   0条
保存日线数据，代码： 600179, 插入：1182条, 更新：   0条
保存日线数据，代码： 600179, 插入：1182条, 更新：   0条
保存日线数据，代码： 002442, 插入：1042条, 更新：   0条
保存日线数据，代码： 002442, 插入：1042条, 更新：   0条
保存日线数据，代码： 603187, 插入： 357条, 更新：   0条
保存日线数据，代码： 603187, 插入： 357条, 更新：   0条
保存日线数据，代码： 600826, 插入：1300条, 更新：   0条
保存日线数据，代码： 600826, 插入：1300条, 更新：   0条
保存日线数据，代码： 600588, 插入：1304条, 更新：   0条
保存日线数据，代码： 600588, 插入：1304条, 更新：   0条
保存日线数据，代码： 002197, 插入：1275条, 更新：   0条
保存日线数据，代码： 002197, 插入：1275条, 更新：   0条
保存日线数据，代码： 300593, 插入： 773条, 更新：   0条
保存日线数据，代码： 300593, 插入： 773条, 更新：   0条
保存日线数据，代码： 603421, 插入： 881条, 更新：   0条
保存日线数据，代码： 603421, 插入： 881条, 更新：   0条
保存日线数据，代码： 002609, 插入：1285条, 更新：   0条
保存日线数据，代码： 002609, 插入：1285条, 更新：   0条
保存日线数据，代码： 603500, 插入： 658条, 更新：   0条
保存日线数据，代码： 603500, 插入： 658条, 更新：   0条
保存日线数据，代码： 601001, 插入：1218条, 更新：   0条
保存日线数据，代码： 601001, 插入：1218条, 更新：   0条
保存日线数据，代码： 002967, 插入： 129条, 更新：   0条
保存日线数据，代码： 002967, 插入： 129条, 更新：   0条
保存日线数据，代码： 600892, 插入：1241条, 更新：   0条
保存日线数据，代码： 600892, 插入：1241条, 更新：   0条
保存日线数据，代码： 600853, 插入：1277条, 更新：   0条
保存日线数据，代码： 600853, 插入：1277条, 更新：   0条
保存日线数据，代码： 002405, 插入：1233条, 更新：   0条
保存日线数据，代码： 002405, 插入：1233条, 更新：   0条
保存日线数据，代码： 603890, 插入： 592条, 更新：   0条
保存日线数据，代码： 603890, 插入： 592条, 更新：   0条
保存日线数据，代码： 300541, 插入： 894条, 更新：   0条
保存日线数据，代码： 300541, 插入： 894条, 更新：   0条
保存日线数据，代码： 300605, 插入： 801条, 更新：   0条
保存日线数据，代码： 300605, 插入： 801条, 更新：   0条
保存日线数据，代码： 000702, 插入：1310条, 更新：   0条
保存日线数据，代码： 000702, 插入：1310条, 更新：   0条
保存日线数据，代码： 002373, 插入：1141条, 更新：   0条
保存日线数据，代码： 002373, 插入：1141条, 更新：   0条
保存日线数据，代码： 601128, 插入： 883条, 更新：   0条
保存日线数据，代码： 601128, 插入： 883条, 更新：   0条
保存日线数据，代码： 600763, 插入：1154条, 更新：   0条
保存日线数据，代码： 600763, 插入：1154条, 更新：   0条
保存日线数据，代码： 603719, 插入：  60条, 更新：   0条
保存日线数据，代码： 603719, 插入：  60条, 更新：   0条
保存日线数据，代码： 300268, 插入：1176条, 更新：   0条
保存日线数据，代码： 300268, 插入：1176条, 更新：   0条
